 INFO  Accepting connections at http://localhost:3000
 INFO  Accepting connections at http://localhost:39173
 HTTP  2025/2/19 6:18:25 ::1 GET /
 HTTP  2025/2/19 6:18:25 ::1 Returned 304 in 22 ms
 HTTP  2025/2/19 6:18:25 ::1 GET /assets/index-CLEphWb0.js
 HTTP  2025/2/19 6:18:25 ::1 GET /assets/index-BfVIAyhm.css
 HTTP  2025/2/19 6:18:25 ::1 Returned 304 in 2 ms
 HTTP  2025/2/19 6:18:25 ::1 Returned 304 in 5 ms
 HTTP  2025/2/19 6:18:26 ::1 GET /sw.js
 HTTP  2025/2/19 6:18:26 ::1 Returned 304 in 4 ms
 HTTP  2025/2/19 6:18:32 ::1 GET /
 HTTP  2025/2/19 6:18:32 ::1 Returned 304 in 1 ms
 HTTP  2025/2/19 6:18:32 ::1 GET /assets/index-CLEphWb0.js
 HTTP  2025/2/19 6:18:32 ::1 GET /assets/index-BfVIAyhm.css
 HTTP  2025/2/19 6:18:32 ::1 Returned 304 in 2 ms
 HTTP  2025/2/19 6:18:32 ::1 Returned 304 in 2 ms
 HTTP  2025/2/19 6:18:33 ::1 GET /sw.js
 HTTP  2025/2/19 6:18:33 ::1 Returned 304 in 2 ms
 HTTP  2025/2/19 6:19:03 ::1 GET /sw.js
 HTTP  2025/2/19 6:19:03 ::1 Returned 304 in 5 ms
 INFO  Accepting connections at http://localhost:41385
 HTTP  2025/2/19 6:34:51 ::1 GET /
 HTTP  2025/2/19 6:34:51 ::1 Returned 304 in 3 ms
 HTTP  2025/2/19 6:34:51 ::1 GET /assets/index-CLEphWb0.js
 HTTP  2025/2/19 6:34:51 ::1 GET /assets/index-BfVIAyhm.css
 HTTP  2025/2/19 6:34:51 ::1 Returned 304 in 4 ms
 HTTP  2025/2/19 6:34:51 ::1 Returned 304 in 5 ms
 HTTP  2025/2/19 6:34:52 ::1 GET /sw.js
 HTTP  2025/2/19 6:34:52 ::1 Returned 304 in 4 ms
 HTTP  2025/2/19 6:35:22 ::1 GET /sw.js
 HTTP  2025/2/19 6:35:22 ::1 Returned 304 in 2 ms

 INFO  Gracefully shutting down. Please wait...

 INFO  Gracefully shutting down. Please wait...
 HTTP  2025/2/19 6:36:26 ::1 GET /
 HTTP  2025/2/19 6:36:26 ::1 Returned 304 in 0 ms
 HTTP  2025/2/19 6:36:26 ::1 GET /assets/index-BfVIAyhm.css
 HTTP  2025/2/19 6:36:26 ::1 GET /assets/index-CLEphWb0.js
 HTTP  2025/2/19 6:36:26 ::1 Returned 304 in 2 ms
 HTTP  2025/2/19 6:36:26 ::1 Returned 304 in 1 ms
 HTTP  2025/2/19 6:36:28 ::1 GET /sw.js
 HTTP  2025/2/19 6:36:28 ::1 Returned 304 in 2 ms

 INFO  Gracefully shutting down. Please wait...
